<?xml version="1.0" encoding="UTF-8"?>
<!-- Generated by org.testng.reporters.JUnitReportReporter -->
<testsuite hostname="INLEN8520088243" failures="0" tests="10" name="com.test_cases.TC_003_Validate_From_Filling" time="97.262" errors="0" timestamp="2023-07-06T11:14:42 IST" skipped="0">
  <testcase classname="com.test_cases.TC_003_Validate_From_Filling" name="fromDetails" time="9.332"/>
  <system-out/>
  <testcase classname="com.test_cases.TC_003_Validate_From_Filling" name="fromDetails" time="8.695"/>
  <system-out/>
  <testcase classname="com.test_cases.TC_003_Validate_From_Filling" name="fromDetails" time="11.940"/>
  <system-out/>
  <testcase classname="com.test_cases.TC_003_Validate_From_Filling" name="fromDetails" time="9.879"/>
  <system-out/>
  <testcase classname="com.test_cases.TC_003_Validate_From_Filling" name="fromDetails" time="8.849"/>
  <system-out/>
  <testcase classname="com.test_cases.TC_003_Validate_From_Filling" name="fromDetails" time="9.879"/>
  <system-out/>
  <testcase classname="com.test_cases.TC_003_Validate_From_Filling" name="fromDetails" time="10.702"/>
  <system-out/>
  <testcase classname="com.test_cases.TC_003_Validate_From_Filling" name="fromDetails" time="9.701"/>
  <system-out/>
  <testcase classname="com.test_cases.TC_003_Validate_From_Filling" name="fromDetails" time="8.685"/>
  <system-out/>
  <testcase classname="com.test_cases.TC_003_Validate_From_Filling" name="fromDetails" time="9.600"/>
  <system-out/>
</testsuite> <!-- com.test_cases.TC_003_Validate_From_Filling -->
