<?xml version="1.0" encoding="UTF-8"?>
<!-- Generated by org.testng.reporters.JUnitReportReporter -->
<testsuite hostname="INLEN8520088243" failures="0" tests="1" name="com.test_cases.TC_002_InvalidRegitration" time="3.424" errors="0" timestamp="2023-06-28T18:02:54 IST" skipped="0">
  <testcase classname="com.test_cases.TC_002_InvalidRegitration" name="enter_PassWord" time="3.424"/>
  <system-out/>
</testsuite> <!-- com.test_cases.TC_002_InvalidRegitration -->
