<?xml version="1.0" encoding="UTF-8"?>
<!-- Generated by org.testng.reporters.JUnitReportReporter -->
<testsuite hostname="INLEN8520088243" failures="0" tests="3" name="checkingErrors.Data_Trasfer_checking" time="0.008" errors="0" timestamp="2023-07-05T11:15:10 IST" skipped="0">
  <testcase classname="checkingErrors.Data_Trasfer_checking" name="name" time="0.005"/>
  <system-out/>
  <testcase classname="checkingErrors.Data_Trasfer_checking" name="name" time="0.001"/>
  <system-out/>
  <testcase classname="checkingErrors.Data_Trasfer_checking" name="name" time="0.002"/>
  <system-out/>
</testsuite> <!-- checkingErrors.Data_Trasfer_checking -->
