<?xml version="1.0" encoding="UTF-8"?>
<!-- Generated by org.testng.reporters.JUnitReportReporter -->
<testsuite hostname="INLEN8520088243" failures="0" tests="1" name="com.test_cases.LoginPage" time="6.743" errors="0" timestamp="2023-06-28T18:02:54 IST" skipped="0">
  <testcase classname="com.test_cases.LoginPage" name="user_Name" time="6.743"/>
  <system-out/>
</testsuite> <!-- com.test_cases.LoginPage -->
